0 info it worked if it ends with ok
1 verbose cli [ 'E:\\Program Files\\nodejs\\\\node.exe',
1 verbose cli   'E:\\Program Files\\nodejs\\node_modules\\npm\\bin\\npm-cli.js',
1 verbose cli   'version',
1 verbose cli   'patch' ]
2 info using npm@1.4.28
3 info using node@v0.10.32
4 verbose node symlink E:\Program Files\nodejs\\node.exe
5 error TypeError: Cannot call method 'trim' of undefined
5 error     at E:\Program Files\nodejs\node_modules\npm\lib\version.js:86:24
5 error     at E:\Program Files\nodejs\node_modules\npm\lib\utils\git.js:40:14
5 error     at F (E:\Program Files\nodejs\node_modules\npm\node_modules\which\which.js:43:25)
5 error     at E (E:\Program Files\nodejs\node_modules\npm\node_modules\which\which.js:46:29)
5 error     at E:\Program Files\nodejs\node_modules\npm\node_modules\which\which.js:57:16
5 error     at Object.oncomplete (evalmachine.<anonymous>:107:15)
6 error If you need help, you may report this *entire* log,
6 error including the npm and node versions, at:
6 error     <http://github.com/npm/npm/issues>
7 error System Windows_NT 6.2.9200
8 error command "E:\\Program Files\\nodejs\\\\node.exe" "E:\\Program Files\\nodejs\\node_modules\\npm\\bin\\npm-cli.js" "version" "patch"
9 error cwd E:\Node workspace\morphbridge_module
10 error node -v v0.10.32
11 error npm -v 1.4.28
12 error type non_object_property_call
13 verbose exit [ 1, true ]
